2022-04-28 12:27:14 | [INFO] the parser is running
2022-04-28 12:28:02 | [INFO] the parser is completed
2022-04-28 16:45:12 | [INFO] the parser is running
2022-04-28 16:45:12 | [INFO] the parser is completed
2022-04-28 16:45:50 | [INFO] the parser is running
2022-04-28 16:45:50 | [INFO] the parser is completed
2022-04-28 16:47:37 | [INFO] the parser is running
2022-04-28 16:48:05 | [INFO] the parser is running
2022-04-28 16:48:17 | [INFO] the parser is completed
2022-04-28 16:52:29 | [INFO] the parser is running
2022-04-28 16:52:40 | [INFO] the parser is completed
2022-04-28 16:54:52 | [INFO] the parser is running
2022-04-28 16:55:03 | [INFO] the parser is completed
2022-04-28 16:57:36 | [INFO] the parser is running
2022-04-28 16:57:36 | [INFO] the parser is completed
2022-04-28 17:00:40 | [INFO] the parser is running
2022-04-28 17:00:51 | [INFO] the parser is completed
2022-04-28 17:14:07 | [INFO] the parser is running
2022-04-28 17:14:15 | [INFO] the parser is completed
2022-04-28 17:16:04 | [INFO] the parser is running
2022-04-28 17:17:13 | [INFO] the parser is running
2022-04-28 17:17:36 | [INFO] the parser is running
2022-04-28 17:17:52 | [INFO] the parser is running
2022-04-28 17:17:59 | [INFO] the parser is running
2022-04-28 17:18:30 | [INFO] the parser is running
2022-04-28 17:18:38 | [INFO] the parser is completed
2022-04-28 17:35:10 | [INFO] the parser is running
2022-04-28 17:35:21 | [INFO] the parser is completed
2022-04-29 09:06:10 | [INFO] the parser is running
2022-04-29 09:06:18 | [INFO] the parser is completed
2022-04-29 09:08:54 | [INFO] the parser is running
2022-04-29 09:08:54 | [INFO] the parser is completed
2022-04-29 09:09:09 | [INFO] the parser is running
2022-04-29 09:09:09 | [INFO] the parser is completed
2022-04-29 09:09:26 | [INFO] the parser is running
2022-04-29 09:09:31 | [INFO] the parser is completed
2022-04-29 09:09:42 | [INFO] the parser is running
2022-04-29 09:09:42 | [INFO] the parser is completed
2022-04-29 09:12:16 | [INFO] the parser is running
2022-04-29 09:12:25 | [INFO] the parser is completed
2022-04-29 09:15:26 | [INFO] the parser is running
2022-04-29 09:16:37 | [INFO] the parser is completed
2022-04-29 09:16:41 | [INFO] the parser is running
2022-04-29 09:20:05 | [INFO] the parser is completed
2022-04-29 09:20:18 | [INFO] the parser is running
2022-04-29 09:33:21 | [INFO] the parser is completed
2022-04-29 09:34:50 | [INFO] the parser is running
2022-04-29 09:34:55 | [INFO] the parser is completed
2022-04-29 09:35:46 | [INFO] the parser is running
2022-04-29 09:36:15 | [INFO] the parser is running
2022-04-29 09:36:27 | [INFO] the parser is completed
2022-04-29 09:38:28 | [INFO] the parser is running
2022-04-29 09:38:28 | [INFO] the parser is completed
2022-04-29 09:38:58 | [INFO] the parser is running
2022-04-29 09:38:58 | [INFO] the parser is completed
2022-04-29 09:39:32 | [INFO] the parser is running
2022-04-29 09:39:32 | [INFO] the parser is completed
2022-04-29 09:41:09 | [INFO] the parser is running
2022-04-29 09:41:10 | [INFO] the parser is completed
2022-04-29 09:42:27 | [INFO] the parser is running
2022-04-29 09:42:27 | [INFO] the parser is completed
2022-04-29 09:46:11 | [INFO] the parser is running
2022-04-29 09:46:11 | [INFO] the parser is completed
2022-04-29 09:48:56 | [INFO] the parser is running
2022-04-29 09:48:56 | [INFO] the parser is completed
2022-04-29 09:49:06 | [INFO] the parser is running
2022-04-29 09:49:06 | [INFO] the parser is completed
2022-04-29 09:49:49 | [INFO] the parser is running
2022-04-29 09:50:02 | [INFO] the parser is completed
2022-04-29 09:56:17 | [INFO] the parser is running
2022-04-29 09:56:28 | [INFO] the parser is completed
2022-04-29 09:58:56 | [INFO] the parser is running
2022-04-29 09:58:56 | [INFO] the parser is completed
2022-04-29 09:59:09 | [INFO] the parser is running
2022-04-29 09:59:09 | [INFO] the parser is completed
2022-04-29 09:59:15 | [INFO] the parser is running
2022-04-29 09:59:15 | [INFO] the parser is completed
2022-04-29 09:59:24 | [INFO] the parser is running
2022-04-29 09:59:24 | [INFO] the parser is completed
2022-04-29 10:12:45 | [INFO] the parser is running
2022-04-29 10:12:45 | [INFO] the parser is completed
2022-04-29 10:13:00 | [INFO] the parser is running
2022-04-29 10:13:12 | [INFO] the parser is completed
2022-04-29 10:23:28 | [INFO] the parser is running
2022-04-29 10:23:39 | [INFO] the parser is completed
2022-04-29 10:31:13 | [INFO] the parser is running
2022-04-29 10:33:52 | [INFO] the parser is completed
2022-04-29 10:39:52 | [INFO] the parser is running
2022-04-29 10:42:22 | [INFO] the parser is completed
2022-04-29 10:43:16 | [INFO] the parser is running
2022-04-29 10:45:42 | [INFO] the parser is completed
2022-04-29 10:52:01 | [INFO] the parser is running
2022-04-29 10:54:41 | [INFO] the parser is completed
2022-04-29 10:56:03 | [INFO] the parser is running
2022-04-29 10:57:45 | [INFO] the parser is running
2022-04-29 11:06:51 | [INFO] the parser is completed
2022-04-29 11:06:54 | [INFO] the parser is running
2022-04-29 11:08:22 | [INFO] the parser is completed
2022-04-29 11:09:08 | [INFO] the parser is running
2022-04-29 11:10:33 | [INFO] the parser is completed
2022-04-29 11:11:23 | [INFO] the parser is running
2022-04-29 11:12:58 | [INFO] the parser is completed
2022-04-29 12:04:55 | [INFO] the parser is running
2022-04-29 12:06:09 | [INFO] the parser is running
2022-04-29 12:08:55 | [INFO] the parser is completed
2022-04-29 12:53:42 | [INFO] the parser is running
2022-04-29 12:54:24 | [GLOBAL ERROR] [resource_id: 1569] list indices must be integers or slices, not str
2022-04-29 12:54:24 | [INFO] the parser is completed
2022-04-29 12:56:15 | [INFO] the parser is running
2022-04-29 12:57:03 | [INFO] the parser is completed
2022-04-29 13:34:42 | [INFO] the parser is running
2022-04-29 13:35:22 | [INFO] the parser is completed
2022-04-29 13:36:38 | [INFO] the parser is running
2022-04-29 13:38:46 | [INFO] the parser is completed
2022-04-29 14:04:14 | [INFO] the parser is running
2022-04-29 14:04:35 | [INFO] the parser is running
2022-04-29 14:10:54 | [INFO] the parser is running
2022-04-29 14:10:54 | [GLOBAL ERROR] [resource_id: 1569] object of type 'NoneType' has no len()
2022-04-29 14:10:54 | [INFO] the parser is completed
2022-04-29 14:11:31 | [INFO] the parser is running
2022-04-29 14:11:31 | [GLOBAL ERROR] [resource_id: 1569] __str__ returned non-string (type NoneType)
2022-04-29 14:11:31 | [INFO] the parser is completed
2022-04-29 14:12:13 | [INFO] the parser is running
2022-04-29 14:12:13 | [GLOBAL ERROR] [resource_id: 1569] __str__ returned non-string (type NoneType)
2022-04-29 14:12:13 | [INFO] the parser is completed
2022-04-29 14:14:13 | [INFO] the parser is running
2022-04-29 14:16:39 | [INFO] the parser is running
2022-04-29 14:17:25 | [GLOBAL ERROR] [resource_id: 1569] unhashable type: 'slice'
2022-04-29 14:17:25 | [INFO] the parser is completed
2022-04-29 14:19:07 | [INFO] the parser is running
2022-04-29 14:20:32 | [INFO] the parser is running
2022-04-29 14:21:26 | [INFO] the parser is running
2022-04-29 14:27:13 | [INFO] the parser is running
2022-04-29 14:27:58 | [INFO] the parser is completed
2022-04-29 14:28:31 | [INFO] the parser is running
2022-04-29 14:29:00 | [INFO] the parser is running
2022-04-29 14:29:42 | [INFO] the parser is completed
2022-04-29 14:36:09 | [INFO] the parser is running
2022-04-29 14:36:49 | [INFO] the parser is completed
2022-04-29 14:38:43 | [INFO] the parser is running
2022-04-29 14:39:22 | [INFO] the parser is completed
2022-04-29 15:56:15 | [INFO] the parser is running
2022-04-29 15:56:57 | [INFO] the parser is completed
2022-04-29 15:58:32 | [INFO] the parser is running
2022-04-29 15:58:56 | [INFO] the parser is completed
2022-04-29 16:00:49 | [INFO] the parser is running
2022-04-29 16:01:13 | [INFO] the parser is completed
2022-04-29 16:01:25 | [INFO] the parser is running
2022-04-29 16:01:49 | [INFO] the parser is completed
2022-04-29 16:01:57 | [INFO] the parser is running
2022-04-29 16:02:21 | [INFO] the parser is completed
2022-04-29 16:03:13 | [INFO] the parser is running
2022-04-29 16:04:02 | [INFO] the parser is completed
2022-04-29 16:04:53 | [INFO] the parser is running
2022-04-29 16:05:27 | [INFO] the parser is completed
2022-04-29 16:06:49 | [INFO] the parser is running
2022-04-29 16:09:08 | [INFO] the parser is running
2022-04-29 16:16:56 | [INFO] the parser is running
2022-04-29 16:21:52 | [INFO] the parser is completed
2022-04-29 16:30:53 | [INFO] the parser is running
2022-04-29 16:34:57 | [INFO] the parser is completed
2022-04-29 16:35:53 | [INFO] the parser is running
2022-04-29 16:39:47 | [INFO] the parser is completed
2022-04-29 16:48:31 | [INFO] the parser is running
2022-04-29 16:49:03 | [INFO] the parser is completed
2022-04-29 16:50:55 | [INFO] the parser is running
2022-04-29 16:59:45 | [INFO] the parser is completed
2022-04-29 17:27:59 | [INFO] the parser is running
2022-04-29 17:29:47 | [INFO] the parser is completed
2022-04-29 17:34:58 | [INFO] the parser is running
2022-04-29 17:36:40 | [INFO] the parser is completed
2022-05-03 13:55:03 | [INFO] the parser is running
2022-05-03 13:55:51 | [INFO] the parser is completed
2022-05-03 14:16:26 | [INFO] the parser is running
2022-05-03 14:23:41 | [INFO] the parser is completed
2022-05-03 14:25:28 | [INFO] the parser is running
2022-05-03 14:25:56 | [INFO] the parser is completed
2022-05-03 14:32:39 | [INFO] the parser is running
2022-05-03 14:37:28 | [INFO] the parser is running
2022-05-03 14:38:39 | [INFO] the parser is running
2022-05-03 14:39:13 | [INFO] the parser is completed
2022-05-03 14:42:01 | [INFO] the parser is running
2022-05-03 14:43:05 | [INFO] the parser is running
2022-05-03 14:51:12 | [INFO] the parser is running
2022-05-03 14:51:46 | [INFO] the parser is completed
2022-05-03 14:54:22 | [INFO] the parser is running
2022-05-03 14:54:57 | [INFO] the parser is completed
2022-05-03 14:55:37 | [INFO] the parser is running
2022-05-03 15:02:23 | [INFO] the parser is completed
2022-05-03 15:05:55 | [INFO] the parser is running
2022-05-03 15:07:56 | [INFO] the parser is completed
2022-05-03 15:17:30 | [INFO] the parser is running
2022-05-03 15:17:33 | [INFO] the parser is completed
2022-05-03 15:25:13 | [INFO] the parser is running
2022-05-03 15:25:13 | [INFO] the parser is completed
2022-05-03 15:26:10 | [INFO] the parser is running
2022-05-03 15:27:10 | [INFO] the parser is running
2022-05-03 15:27:20 | [INFO] the parser is running
2022-05-03 15:28:08 | [INFO] the parser is running
2022-05-03 15:28:08 | [INFO] the parser is completed
2022-05-03 15:30:17 | [INFO] the parser is running
2022-05-03 15:30:25 | [INFO] the parser is completed
2022-05-04 14:37:27 | [INFO] the parser is running
2022-05-04 14:44:55 | [INFO] the parser is completed
2022-05-13 10:27:03 | [INFO] the parser is running
2022-05-13 10:27:56 | [INFO] the parser is completed
2022-05-13 10:33:30 | [INFO] the parser is running
2022-05-13 10:34:13 | [INFO] the parser is completed
2022-05-24 17:37:36 | [INFO] the parser is running
